<?xml version="1.0" encoding="UTF-8"?>
<!-- Generated by org.testng.reporters.JUnitReportReporter -->
<testsuite hostname="DESKTOP-0Q08UH7" failures="0" tests="2" name="mp.ms.OneTest" time="0.000" errors="0" timestamp="2021-12-17T19:13:43 GMT" skipped="0">
  <testcase classname="mp.ms.OneTest" name="method2" time="0.000"/>
  <system-out/>
  <testcase classname="mp.ms.OneTest" name="method1" time="0.000"/>
  <system-out/>
</testsuite> <!-- mp.ms.OneTest -->
