<?xml version="1.0" encoding="UTF-8"?>
<!-- Generated by org.testng.reporters.JUnitReportReporter -->
<testsuite hostname="DESKTOP-0Q08UH7" failures="0" tests="1" name="mp.ms.TwoTest" time="0.006" errors="0" timestamp="2021-12-17T19:13:43 GMT" skipped="0">
  <testcase classname="mp.ms.TwoTest" name="method3" time="0.006"/>
  <system-out/>
</testsuite> <!-- mp.ms.TwoTest -->
